c:\opengl-renderer\oprngl_project\release\oprngl_project.pch
c:\opengl-renderer\oprngl_project\release\vc142.pdb
c:\opengl-renderer\oprngl_project\release\pch.obj
c:\opengl-renderer\oprngl_project\release\texture.obj
c:\opengl-renderer\oprngl_project\release\mvp.obj
c:\opengl-renderer\oprngl_project\release\model.obj
c:\opengl-renderer\oprngl_project\release\mesh.obj
c:\opengl-renderer\oprngl_project\release\main.obj
c:\opengl-renderer\oprngl_project\release\global.obj
c:\opengl-renderer\oprngl_project\release\camera.obj
c:\opengl-renderer\oprngl_project\release\vertexbuffer.obj
c:\opengl-renderer\oprngl_project\release\vertexarray.obj
c:\opengl-renderer\oprngl_project\release\shader.obj
c:\opengl-renderer\oprngl_project\release\renderer.obj
c:\opengl-renderer\oprngl_project\release\indexbuffer.obj
c:\opengl-renderer\oprngl_project\release\stb_image.obj
c:\opengl-renderer\oprngl_project\release\imgui_widgets.obj
c:\opengl-renderer\oprngl_project\release\imgui_impl_opengl3.obj
c:\opengl-renderer\oprngl_project\release\imgui_impl_glfw.obj
c:\opengl-renderer\oprngl_project\release\imgui_draw.obj
c:\opengl-renderer\oprngl_project\release\imgui_demo.obj
c:\opengl-renderer\oprngl_project\release\imgui.obj
c:\opengl-renderer\release\oprngl_project.exe
c:\opengl-renderer\release\oprngl_project.pdb
c:\opengl-renderer\oprngl_project\release\oprngl_project.tlog\cl.command.1.tlog
c:\opengl-renderer\oprngl_project\release\oprngl_project.tlog\cl.read.1.tlog
c:\opengl-renderer\oprngl_project\release\oprngl_project.tlog\cl.write.1.tlog
c:\opengl-renderer\oprngl_project\release\oprngl_project.tlog\link.command.1.tlog
c:\opengl-renderer\oprngl_project\release\oprngl_project.tlog\link.read.1.tlog
c:\opengl-renderer\oprngl_project\release\oprngl_project.tlog\link.write.1.tlog
