  camera.cpp
C:\cdev\oprngl_project\oprngl_project\src\camera.h(2,10): fatal error C1083: 無法開啟包含檔案: 'GLFW/glfw3.h': No such file or directory
  global.cpp
C:\cdev\oprngl_project\oprngl_project\src\global.h(2,10): fatal error C1083: 無法開啟包含檔案: 'GL/glew.h': No such file or directory
  main.cpp
C:\cdev\oprngl_project\oprngl_project\src\global.h(2,10): fatal error C1083: 無法開啟包含檔案: 'GL/glew.h': No such file or directory
  mesh.cpp
C:\cdev\oprngl_project\oprngl_project\src\mesh.h(3,10): fatal error C1083: 無法開啟包含檔案: 'glm/glm.hpp': No such file or directory
  model.cpp
C:\cdev\oprngl_project\oprngl_project\src\model.h(3,10): fatal error C1083: 無法開啟包含檔案: 'glm/glm.hpp': No such file or directory
  mvp.cpp
C:\cdev\oprngl_project\oprngl_project\src\mvp.h(3,10): fatal error C1083: 無法開啟包含檔案: 'glm/gtc/matrix_transform.hpp': No such file or directory
  IndexBuffer.cpp
C:\cdev\oprngl_project\oprngl_project\src\renderer\Renderer.h(3,10): fatal error C1083: 無法開啟包含檔案: 'GL/glew.h': No such file or directory
  Renderer.cpp
C:\cdev\oprngl_project\oprngl_project\src\renderer\Renderer.h(3,10): fatal error C1083: 無法開啟包含檔案: 'GL/glew.h': No such file or directory
  shader.cpp
C:\cdev\oprngl_project\oprngl_project\src\renderer\Renderer.h(3,10): fatal error C1083: 無法開啟包含檔案: 'GL/glew.h': No such file or directory
  VertexArray.cpp
C:\cdev\oprngl_project\oprngl_project\src\renderer\Renderer.h(3,10): fatal error C1083: 無法開啟包含檔案: 'GL/glew.h': No such file or directory
  VertexBuffer.cpp
C:\cdev\oprngl_project\oprngl_project\src\renderer\Renderer.h(3,10): fatal error C1083: 無法開啟包含檔案: 'GL/glew.h': No such file or directory
  texture.cpp
C:\cdev\oprngl_project\oprngl_project\src\renderer\Renderer.h(3,10): fatal error C1083: 無法開啟包含檔案: 'GL/glew.h': No such file or directory
  stb_image.cpp
  正在產生程式碼...
