c:\cdev\oprngl_project\oprngl_project\debug\vc142.pdb
c:\cdev\oprngl_project\oprngl_project\debug\vc142.idb
c:\cdev\oprngl_project\oprngl_project\debug\stb_image.obj
c:\cdev\oprngl_project\oprngl_project\debug\texture.obj
c:\cdev\oprngl_project\oprngl_project\debug\vertexbuffer.obj
c:\cdev\oprngl_project\oprngl_project\debug\vertexarray.obj
c:\cdev\oprngl_project\oprngl_project\debug\shader.obj
c:\cdev\oprngl_project\oprngl_project\debug\renderer.obj
c:\cdev\oprngl_project\oprngl_project\debug\indexbuffer.obj
c:\cdev\oprngl_project\oprngl_project\debug\mvp.obj
c:\cdev\oprngl_project\oprngl_project\debug\model.obj
c:\cdev\oprngl_project\oprngl_project\debug\mesh.obj
c:\cdev\oprngl_project\oprngl_project\debug\main.obj
c:\cdev\oprngl_project\oprngl_project\debug\global.obj
c:\cdev\oprngl_project\oprngl_project\debug\camera.obj
c:\users\wu\documents\github\opengl-renderer\oprngl_project\debug\camera.obj
c:\users\wu\documents\github\opengl-renderer\oprngl_project\debug\global.obj
c:\users\wu\documents\github\opengl-renderer\oprngl_project\debug\indexbuffer.obj
c:\users\wu\documents\github\opengl-renderer\oprngl_project\debug\main.obj
c:\users\wu\documents\github\opengl-renderer\oprngl_project\debug\mesh.obj
c:\users\wu\documents\github\opengl-renderer\oprngl_project\debug\model.obj
c:\users\wu\documents\github\opengl-renderer\oprngl_project\debug\mvp.obj
c:\users\wu\documents\github\opengl-renderer\oprngl_project\debug\renderer.obj
c:\users\wu\documents\github\opengl-renderer\oprngl_project\debug\shader.obj
c:\users\wu\documents\github\opengl-renderer\oprngl_project\debug\stb_image.obj
c:\users\wu\documents\github\opengl-renderer\oprngl_project\debug\texture.obj
c:\users\wu\documents\github\opengl-renderer\oprngl_project\debug\vertexarray.obj
c:\users\wu\documents\github\opengl-renderer\oprngl_project\debug\vertexbuffer.obj
c:\users\wu\documents\github\opengl-renderer\oprngl_project\debug\vc142.idb
c:\users\wu\documents\github\opengl-renderer\oprngl_project\debug\vc142.pdb
c:\users\wu\documents\github\opengl-renderer\debug\oprngl_project.pdb
c:\users\wu\documents\github\opengl-renderer\oprngl_project\debug\oprngl_project.tlog\cl.command.1.tlog
c:\users\wu\documents\github\opengl-renderer\oprngl_project\debug\oprngl_project.tlog\cl.read.1.tlog
c:\users\wu\documents\github\opengl-renderer\oprngl_project\debug\oprngl_project.tlog\cl.write.1.tlog
c:\users\wu\documents\github\opengl-renderer\oprngl_project\debug\oprngl_project.tlog\link-cvtres.read.1.tlog
c:\users\wu\documents\github\opengl-renderer\oprngl_project\debug\oprngl_project.tlog\link-cvtres.write.1.tlog
c:\users\wu\documents\github\opengl-renderer\oprngl_project\debug\oprngl_project.tlog\link-rc.read.1.tlog
c:\users\wu\documents\github\opengl-renderer\oprngl_project\debug\oprngl_project.tlog\link-rc.write.1.tlog
c:\users\wu\documents\github\opengl-renderer\oprngl_project\debug\oprngl_project.tlog\link.command.1.tlog
c:\users\wu\documents\github\opengl-renderer\oprngl_project\debug\oprngl_project.tlog\link.read.1.tlog
c:\users\wu\documents\github\opengl-renderer\oprngl_project\debug\oprngl_project.tlog\link.write.1.tlog
